[2026-03-16T18:28:52.904+0000] {local_task_job_runner.py:123} INFO - ::group::Pre task execution logs
[2026-03-16T18:28:52.949+0000] {taskinstance.py:2631} INFO - Dependencies all met for dep_context=non-requeueable deps ti=<TaskInstance: retail_sales_etl.transform manual__2026-03-16T18:28:49.514898+00:00 [queued]>
[2026-03-16T18:28:52.967+0000] {taskinstance.py:2631} INFO - Dependencies all met for dep_context=requeueable deps ti=<TaskInstance: retail_sales_etl.transform manual__2026-03-16T18:28:49.514898+00:00 [queued]>
[2026-03-16T18:28:52.969+0000] {taskinstance.py:2884} INFO - Starting attempt 1 of 3
[2026-03-16T18:28:52.992+0000] {taskinstance.py:2907} INFO - Executing <Task(PythonOperator): transform> on 2026-03-16 18:28:49.514898+00:00
[2026-03-16T18:28:53.002+0000] {standard_task_runner.py:72} INFO - Started process 152 to run task
[2026-03-16T18:28:53.009+0000] {standard_task_runner.py:104} INFO - Running: ['***', 'tasks', 'run', 'retail_sales_etl', 'transform', 'manual__2026-03-16T18:28:49.514898+00:00', '--job-id', '33', '--raw', '--subdir', 'DAGS_FOLDER/retail_sales_etl_dag.py', '--cfg-path', '/tmp/tmp20t8gak5']
[2026-03-16T18:28:53.016+0000] {standard_task_runner.py:105} INFO - Job 33: Subtask transform
[2026-03-16T18:28:53.112+0000] {task_command.py:467} INFO - Running <TaskInstance: retail_sales_etl.transform manual__2026-03-16T18:28:49.514898+00:00 [running]> on host 9580b527c233
[2026-03-16T18:28:53.248+0000] {taskinstance.py:3157} INFO - Exporting env vars: AIRFLOW_CTX_DAG_OWNER='data-engineering' AIRFLOW_CTX_DAG_ID='retail_sales_etl' AIRFLOW_CTX_TASK_ID='transform' AIRFLOW_CTX_EXECUTION_DATE='2026-03-16T18:28:49.514898+00:00' AIRFLOW_CTX_TRY_NUMBER='1' AIRFLOW_CTX_DAG_RUN_ID='manual__2026-03-16T18:28:49.514898+00:00'
[2026-03-16T18:28:53.251+0000] {taskinstance.py:740} INFO - ::endgroup::
[2026-03-16T18:28:53.291+0000] {warnings.py:109} WARNING - /opt/***/dags/retail_sales_etl_dag.py:71: FutureWarning: Passing literal json to 'read_json' is deprecated and will be removed in a future version. To read from a literal string, wrap it in a 'StringIO' object.
  raw_df = pd.read_json(raw_json, orient="records")

[2026-03-16T18:28:53.325+0000] {etl_transform.py:87} INFO - Dropped 0 duplicate rows.
[2026-03-16T18:28:53.341+0000] {etl_transform.py:113} INFO - 50 rows remain after cleaning.
[2026-03-16T18:28:53.351+0000] {etl_transform.py:156} INFO - Transformation complete | customers=36 | products=24 | dates=25 | facts=50
[2026-03-16T18:28:53.462+0000] {retail_sales_etl_dag.py:81} INFO - Transform done | customers=36 | products=24 | dates=25 | facts=50
[2026-03-16T18:28:53.465+0000] {python.py:240} INFO - Done. Returned value was: None
[2026-03-16T18:28:53.489+0000] {taskinstance.py:349} INFO - ::group::Post task execution logs
[2026-03-16T18:28:53.493+0000] {taskinstance.py:361} INFO - Marking task as SUCCESS. dag_id=retail_sales_etl, task_id=transform, run_id=manual__2026-03-16T18:28:49.514898+00:00, execution_date=20260316T182849, start_date=20260316T182852, end_date=20260316T182853
[2026-03-16T18:28:53.597+0000] {local_task_job_runner.py:266} INFO - Task exited with return code 0
[2026-03-16T18:28:53.669+0000] {taskinstance.py:3924} INFO - 1 downstream tasks scheduled from follow-on schedule check
[2026-03-16T18:28:53.677+0000] {local_task_job_runner.py:245} INFO - ::endgroup::
