[2026-03-16T18:02:01.118+0000] {local_task_job_runner.py:123} INFO - ::group::Pre task execution logs
[2026-03-16T18:02:01.148+0000] {taskinstance.py:2631} INFO - Dependencies all met for dep_context=non-requeueable deps ti=<TaskInstance: retail_sales_etl.extract manual__2026-03-16T18:01:58.605218+00:00 [queued]>
[2026-03-16T18:02:01.162+0000] {taskinstance.py:2631} INFO - Dependencies all met for dep_context=requeueable deps ti=<TaskInstance: retail_sales_etl.extract manual__2026-03-16T18:01:58.605218+00:00 [queued]>
[2026-03-16T18:02:01.163+0000] {taskinstance.py:2884} INFO - Starting attempt 1 of 3
[2026-03-16T18:02:01.188+0000] {taskinstance.py:2907} INFO - Executing <Task(PythonOperator): extract> on 2026-03-16 18:01:58.605218+00:00
[2026-03-16T18:02:01.203+0000] {standard_task_runner.py:72} INFO - Started process 118 to run task
[2026-03-16T18:02:01.215+0000] {standard_task_runner.py:104} INFO - Running: ['***', 'tasks', 'run', 'retail_sales_etl', 'extract', 'manual__2026-03-16T18:01:58.605218+00:00', '--job-id', '15', '--raw', '--subdir', 'DAGS_FOLDER/retail_sales_etl_dag.py', '--cfg-path', '/tmp/tmpvf5rfb_o']
[2026-03-16T18:02:01.220+0000] {standard_task_runner.py:105} INFO - Job 15: Subtask extract
[2026-03-16T18:02:01.316+0000] {task_command.py:467} INFO - Running <TaskInstance: retail_sales_etl.extract manual__2026-03-16T18:01:58.605218+00:00 [running]> on host 8944583ada27
[2026-03-16T18:02:01.440+0000] {taskinstance.py:3157} INFO - Exporting env vars: AIRFLOW_CTX_DAG_OWNER='data-engineering' AIRFLOW_CTX_DAG_ID='retail_sales_etl' AIRFLOW_CTX_TASK_ID='extract' AIRFLOW_CTX_EXECUTION_DATE='2026-03-16T18:01:58.605218+00:00' AIRFLOW_CTX_TRY_NUMBER='1' AIRFLOW_CTX_DAG_RUN_ID='manual__2026-03-16T18:01:58.605218+00:00'
[2026-03-16T18:02:01.442+0000] {taskinstance.py:740} INFO - ::endgroup::
[2026-03-16T18:02:01.487+0000] {etl_transform.py:45} INFO - Reading file: sales_2025_01.csv
[2026-03-16T18:02:01.506+0000] {etl_transform.py:45} INFO - Reading file: sales_2025_02.csv
[2026-03-16T18:02:01.516+0000] {etl_transform.py:45} INFO - Reading file: sales_2025_03.csv
[2026-03-16T18:02:01.526+0000] {etl_transform.py:51} INFO - Extracted 50 rows from 3 file(s).
[2026-03-16T18:02:01.548+0000] {retail_sales_etl_dag.py:62} INFO - Extracted 50 raw rows.
[2026-03-16T18:02:01.550+0000] {python.py:240} INFO - Done. Returned value was: None
[2026-03-16T18:02:01.566+0000] {taskinstance.py:349} INFO - ::group::Post task execution logs
[2026-03-16T18:02:01.568+0000] {taskinstance.py:361} INFO - Marking task as SUCCESS. dag_id=retail_sales_etl, task_id=extract, run_id=manual__2026-03-16T18:01:58.605218+00:00, execution_date=20260316T180158, start_date=20260316T180201, end_date=20260316T180201
[2026-03-16T18:02:01.618+0000] {local_task_job_runner.py:266} INFO - Task exited with return code 0
[2026-03-16T18:02:01.666+0000] {taskinstance.py:3924} INFO - 1 downstream tasks scheduled from follow-on schedule check
[2026-03-16T18:02:01.669+0000] {local_task_job_runner.py:245} INFO - ::endgroup::
