[2026-03-16T18:25:21.308+0000] {local_task_job_runner.py:123} INFO - ::group::Pre task execution logs
[2026-03-16T18:25:21.344+0000] {taskinstance.py:2631} INFO - Dependencies all met for dep_context=non-requeueable deps ti=<TaskInstance: retail_sales_etl.load_dimensions manual__2026-03-16T18:25:15.410514+00:00 [queued]>
[2026-03-16T18:25:21.358+0000] {taskinstance.py:2631} INFO - Dependencies all met for dep_context=requeueable deps ti=<TaskInstance: retail_sales_etl.load_dimensions manual__2026-03-16T18:25:15.410514+00:00 [queued]>
[2026-03-16T18:25:21.360+0000] {taskinstance.py:2884} INFO - Starting attempt 1 of 3
[2026-03-16T18:25:21.379+0000] {taskinstance.py:2907} INFO - Executing <Task(PythonOperator): load_dimensions> on 2026-03-16 18:25:15.410514+00:00
[2026-03-16T18:25:21.388+0000] {standard_task_runner.py:72} INFO - Started process 93 to run task
[2026-03-16T18:25:21.395+0000] {standard_task_runner.py:104} INFO - Running: ['***', 'tasks', 'run', 'retail_sales_etl', 'load_dimensions', 'manual__2026-03-16T18:25:15.410514+00:00', '--job-id', '29', '--raw', '--subdir', 'DAGS_FOLDER/retail_sales_etl_dag.py', '--cfg-path', '/tmp/tmpb9ypo2at']
[2026-03-16T18:25:21.402+0000] {standard_task_runner.py:105} INFO - Job 29: Subtask load_dimensions
[2026-03-16T18:25:21.485+0000] {task_command.py:467} INFO - Running <TaskInstance: retail_sales_etl.load_dimensions manual__2026-03-16T18:25:15.410514+00:00 [running]> on host 9580b527c233
[2026-03-16T18:25:21.604+0000] {taskinstance.py:3157} INFO - Exporting env vars: AIRFLOW_CTX_DAG_OWNER='data-engineering' AIRFLOW_CTX_DAG_ID='retail_sales_etl' AIRFLOW_CTX_TASK_ID='load_dimensions' AIRFLOW_CTX_EXECUTION_DATE='2026-03-16T18:25:15.410514+00:00' AIRFLOW_CTX_TRY_NUMBER='1' AIRFLOW_CTX_DAG_RUN_ID='manual__2026-03-16T18:25:15.410514+00:00'
[2026-03-16T18:25:21.609+0000] {taskinstance.py:740} INFO - ::endgroup::
[2026-03-16T18:25:21.649+0000] {warnings.py:109} WARNING - /opt/***/dags/retail_sales_etl_dag.py:93: FutureWarning: Passing literal json to 'read_json' is deprecated and will be removed in a future version. To read from a literal string, wrap it in a 'StringIO' object.
  dim_customer = pd.read_json(ti.xcom_pull(key="dim_customer", task_ids="transform"))

[2026-03-16T18:25:21.672+0000] {warnings.py:109} WARNING - /opt/***/dags/retail_sales_etl_dag.py:94: FutureWarning: Passing literal json to 'read_json' is deprecated and will be removed in a future version. To read from a literal string, wrap it in a 'StringIO' object.
  dim_product  = pd.read_json(ti.xcom_pull(key="dim_product",  task_ids="transform"))

[2026-03-16T18:25:21.690+0000] {warnings.py:109} WARNING - /opt/***/dags/retail_sales_etl_dag.py:95: FutureWarning: Passing literal json to 'read_json' is deprecated and will be removed in a future version. To read from a literal string, wrap it in a 'StringIO' object.
  dim_date     = pd.read_json(ti.xcom_pull(key="dim_date",     task_ids="transform"))

[2026-03-16T18:25:21.744+0000] {etl_load.py:65} INFO - [dim_customer] Upserted 36 rows.
[2026-03-16T18:25:21.769+0000] {etl_load.py:65} INFO - [dim_product] Upserted 24 rows.
[2026-03-16T18:25:21.795+0000] {etl_load.py:65} INFO - [dim_date] Upserted 25 rows.
[2026-03-16T18:25:21.797+0000] {retail_sales_etl_dag.py:103} INFO - All dimension tables loaded.
[2026-03-16T18:25:21.799+0000] {python.py:240} INFO - Done. Returned value was: None
[2026-03-16T18:25:21.814+0000] {taskinstance.py:349} INFO - ::group::Post task execution logs
[2026-03-16T18:25:21.816+0000] {taskinstance.py:361} INFO - Marking task as SUCCESS. dag_id=retail_sales_etl, task_id=load_dimensions, run_id=manual__2026-03-16T18:25:15.410514+00:00, execution_date=20260316T182515, start_date=20260316T182521, end_date=20260316T182521
[2026-03-16T18:25:21.872+0000] {local_task_job_runner.py:266} INFO - Task exited with return code 0
[2026-03-16T18:25:21.910+0000] {taskinstance.py:3924} INFO - 1 downstream tasks scheduled from follow-on schedule check
[2026-03-16T18:25:21.916+0000] {local_task_job_runner.py:245} INFO - ::endgroup::
