[2026-03-16T17:29:55.187+0000] {local_task_job_runner.py:123} INFO - ::group::Pre task execution logs
[2026-03-16T17:29:55.222+0000] {taskinstance.py:2631} INFO - Dependencies all met for dep_context=non-requeueable deps ti=<TaskInstance: retail_sales_etl.extract scheduled__2026-03-15T06:00:00+00:00 [queued]>
[2026-03-16T17:29:55.238+0000] {taskinstance.py:2631} INFO - Dependencies all met for dep_context=requeueable deps ti=<TaskInstance: retail_sales_etl.extract scheduled__2026-03-15T06:00:00+00:00 [queued]>
[2026-03-16T17:29:55.239+0000] {taskinstance.py:2884} INFO - Starting attempt 1 of 3
[2026-03-16T17:29:55.261+0000] {taskinstance.py:2907} INFO - Executing <Task(PythonOperator): extract> on 2026-03-15 06:00:00+00:00
[2026-03-16T17:29:55.271+0000] {standard_task_runner.py:72} INFO - Started process 186 to run task
[2026-03-16T17:29:55.277+0000] {standard_task_runner.py:104} INFO - Running: ['***', 'tasks', 'run', 'retail_sales_etl', 'extract', 'scheduled__2026-03-15T06:00:00+00:00', '--job-id', '3', '--raw', '--subdir', 'DAGS_FOLDER/retail_sales_etl_dag.py', '--cfg-path', '/tmp/tmp0kp9hs93']
[2026-03-16T17:29:55.284+0000] {standard_task_runner.py:105} INFO - Job 3: Subtask extract
[2026-03-16T17:29:55.409+0000] {task_command.py:467} INFO - Running <TaskInstance: retail_sales_etl.extract scheduled__2026-03-15T06:00:00+00:00 [running]> on host c76be04dcae8
[2026-03-16T17:29:55.547+0000] {taskinstance.py:3157} INFO - Exporting env vars: AIRFLOW_CTX_DAG_OWNER='data-engineering' AIRFLOW_CTX_DAG_ID='retail_sales_etl' AIRFLOW_CTX_TASK_ID='extract' AIRFLOW_CTX_EXECUTION_DATE='2026-03-15T06:00:00+00:00' AIRFLOW_CTX_TRY_NUMBER='1' AIRFLOW_CTX_DAG_RUN_ID='scheduled__2026-03-15T06:00:00+00:00'
[2026-03-16T17:29:55.551+0000] {taskinstance.py:740} INFO - ::endgroup::
[2026-03-16T17:29:55.606+0000] {etl_transform.py:45} INFO - Reading file: sales_2025_01.csv
[2026-03-16T17:29:55.631+0000] {etl_transform.py:45} INFO - Reading file: sales_2025_02.csv
[2026-03-16T17:29:55.640+0000] {etl_transform.py:45} INFO - Reading file: sales_2025_03.csv
[2026-03-16T17:29:55.651+0000] {etl_transform.py:51} INFO - Extracted 50 rows from 3 file(s).
[2026-03-16T17:29:55.677+0000] {retail_sales_etl_dag.py:62} INFO - Extracted 50 raw rows.
[2026-03-16T17:29:55.679+0000] {python.py:240} INFO - Done. Returned value was: None
[2026-03-16T17:29:55.700+0000] {taskinstance.py:349} INFO - ::group::Post task execution logs
[2026-03-16T17:29:55.701+0000] {taskinstance.py:361} INFO - Marking task as SUCCESS. dag_id=retail_sales_etl, task_id=extract, run_id=scheduled__2026-03-15T06:00:00+00:00, execution_date=20260315T060000, start_date=20260316T172955, end_date=20260316T172955
[2026-03-16T17:29:55.758+0000] {local_task_job_runner.py:266} INFO - Task exited with return code 0
[2026-03-16T17:29:55.808+0000] {taskinstance.py:3924} INFO - 1 downstream tasks scheduled from follow-on schedule check
[2026-03-16T17:29:55.811+0000] {local_task_job_runner.py:245} INFO - ::endgroup::
