[2026-03-16T18:28:55.317+0000] {local_task_job_runner.py:123} INFO - ::group::Pre task execution logs
[2026-03-16T18:28:55.358+0000] {taskinstance.py:2631} INFO - Dependencies all met for dep_context=non-requeueable deps ti=<TaskInstance: retail_sales_etl.load_dimensions manual__2026-03-16T18:28:49.514898+00:00 [queued]>
[2026-03-16T18:28:55.375+0000] {taskinstance.py:2631} INFO - Dependencies all met for dep_context=requeueable deps ti=<TaskInstance: retail_sales_etl.load_dimensions manual__2026-03-16T18:28:49.514898+00:00 [queued]>
[2026-03-16T18:28:55.376+0000] {taskinstance.py:2884} INFO - Starting attempt 1 of 3
[2026-03-16T18:28:55.396+0000] {taskinstance.py:2907} INFO - Executing <Task(PythonOperator): load_dimensions> on 2026-03-16 18:28:49.514898+00:00
[2026-03-16T18:28:55.407+0000] {standard_task_runner.py:72} INFO - Started process 156 to run task
[2026-03-16T18:28:55.414+0000] {standard_task_runner.py:104} INFO - Running: ['***', 'tasks', 'run', 'retail_sales_etl', 'load_dimensions', 'manual__2026-03-16T18:28:49.514898+00:00', '--job-id', '34', '--raw', '--subdir', 'DAGS_FOLDER/retail_sales_etl_dag.py', '--cfg-path', '/tmp/tmpu7q77igb']
[2026-03-16T18:28:55.421+0000] {standard_task_runner.py:105} INFO - Job 34: Subtask load_dimensions
[2026-03-16T18:28:55.511+0000] {task_command.py:467} INFO - Running <TaskInstance: retail_sales_etl.load_dimensions manual__2026-03-16T18:28:49.514898+00:00 [running]> on host 9580b527c233
[2026-03-16T18:28:55.641+0000] {taskinstance.py:3157} INFO - Exporting env vars: AIRFLOW_CTX_DAG_OWNER='data-engineering' AIRFLOW_CTX_DAG_ID='retail_sales_etl' AIRFLOW_CTX_TASK_ID='load_dimensions' AIRFLOW_CTX_EXECUTION_DATE='2026-03-16T18:28:49.514898+00:00' AIRFLOW_CTX_TRY_NUMBER='1' AIRFLOW_CTX_DAG_RUN_ID='manual__2026-03-16T18:28:49.514898+00:00'
[2026-03-16T18:28:55.644+0000] {taskinstance.py:740} INFO - ::endgroup::
[2026-03-16T18:28:55.696+0000] {warnings.py:109} WARNING - /opt/***/dags/retail_sales_etl_dag.py:93: FutureWarning: Passing literal json to 'read_json' is deprecated and will be removed in a future version. To read from a literal string, wrap it in a 'StringIO' object.
  dim_customer = pd.read_json(ti.xcom_pull(key="dim_customer", task_ids="transform"))

[2026-03-16T18:28:55.725+0000] {warnings.py:109} WARNING - /opt/***/dags/retail_sales_etl_dag.py:94: FutureWarning: Passing literal json to 'read_json' is deprecated and will be removed in a future version. To read from a literal string, wrap it in a 'StringIO' object.
  dim_product  = pd.read_json(ti.xcom_pull(key="dim_product",  task_ids="transform"))

[2026-03-16T18:28:55.744+0000] {warnings.py:109} WARNING - /opt/***/dags/retail_sales_etl_dag.py:95: FutureWarning: Passing literal json to 'read_json' is deprecated and will be removed in a future version. To read from a literal string, wrap it in a 'StringIO' object.
  dim_date     = pd.read_json(ti.xcom_pull(key="dim_date",     task_ids="transform"))

[2026-03-16T18:28:55.815+0000] {etl_load.py:65} INFO - [dim_customer] Upserted 36 rows.
[2026-03-16T18:28:55.848+0000] {etl_load.py:65} INFO - [dim_product] Upserted 24 rows.
[2026-03-16T18:28:55.874+0000] {etl_load.py:65} INFO - [dim_date] Upserted 25 rows.
[2026-03-16T18:28:55.875+0000] {retail_sales_etl_dag.py:103} INFO - All dimension tables loaded.
[2026-03-16T18:28:55.877+0000] {python.py:240} INFO - Done. Returned value was: None
[2026-03-16T18:28:55.893+0000] {taskinstance.py:349} INFO - ::group::Post task execution logs
[2026-03-16T18:28:55.895+0000] {taskinstance.py:361} INFO - Marking task as SUCCESS. dag_id=retail_sales_etl, task_id=load_dimensions, run_id=manual__2026-03-16T18:28:49.514898+00:00, execution_date=20260316T182849, start_date=20260316T182855, end_date=20260316T182855
[2026-03-16T18:28:55.957+0000] {local_task_job_runner.py:266} INFO - Task exited with return code 0
[2026-03-16T18:28:56.008+0000] {taskinstance.py:3924} INFO - 1 downstream tasks scheduled from follow-on schedule check
[2026-03-16T18:28:56.013+0000] {local_task_job_runner.py:245} INFO - ::endgroup::
