[2026-03-16T18:29:00.679+0000] {local_task_job_runner.py:123} INFO - ::group::Pre task execution logs
[2026-03-16T18:29:00.738+0000] {taskinstance.py:2631} INFO - Dependencies all met for dep_context=non-requeueable deps ti=<TaskInstance: retail_sales_etl.summary manual__2026-03-16T18:28:49.514898+00:00 [queued]>
[2026-03-16T18:29:00.763+0000] {taskinstance.py:2631} INFO - Dependencies all met for dep_context=requeueable deps ti=<TaskInstance: retail_sales_etl.summary manual__2026-03-16T18:28:49.514898+00:00 [queued]>
[2026-03-16T18:29:00.764+0000] {taskinstance.py:2884} INFO - Starting attempt 1 of 3
[2026-03-16T18:29:00.789+0000] {taskinstance.py:2907} INFO - Executing <Task(PythonOperator): summary> on 2026-03-16 18:28:49.514898+00:00
[2026-03-16T18:29:00.800+0000] {standard_task_runner.py:72} INFO - Started process 164 to run task
[2026-03-16T18:29:00.807+0000] {standard_task_runner.py:104} INFO - Running: ['***', 'tasks', 'run', 'retail_sales_etl', 'summary', 'manual__2026-03-16T18:28:49.514898+00:00', '--job-id', '36', '--raw', '--subdir', 'DAGS_FOLDER/retail_sales_etl_dag.py', '--cfg-path', '/tmp/tmpi63y7588']
[2026-03-16T18:29:00.814+0000] {standard_task_runner.py:105} INFO - Job 36: Subtask summary
[2026-03-16T18:29:00.910+0000] {task_command.py:467} INFO - Running <TaskInstance: retail_sales_etl.summary manual__2026-03-16T18:28:49.514898+00:00 [running]> on host 9580b527c233
[2026-03-16T18:29:01.086+0000] {taskinstance.py:3157} INFO - Exporting env vars: AIRFLOW_CTX_DAG_OWNER='data-engineering' AIRFLOW_CTX_DAG_ID='retail_sales_etl' AIRFLOW_CTX_TASK_ID='summary' AIRFLOW_CTX_EXECUTION_DATE='2026-03-16T18:28:49.514898+00:00' AIRFLOW_CTX_TRY_NUMBER='1' AIRFLOW_CTX_DAG_RUN_ID='manual__2026-03-16T18:28:49.514898+00:00'
[2026-03-16T18:29:01.091+0000] {taskinstance.py:740} INFO - ::endgroup::
[2026-03-16T18:29:01.126+0000] {etl_load.py:132} INFO - ─── DWH Load Summary ───────────────────────
[2026-03-16T18:29:01.128+0000] {etl_load.py:134} INFO -   dim_customer             36 rows
[2026-03-16T18:29:01.130+0000] {etl_load.py:134} INFO -   dim_date                 25 rows
[2026-03-16T18:29:01.132+0000] {etl_load.py:134} INFO -   dim_product              24 rows
[2026-03-16T18:29:01.134+0000] {etl_load.py:134} INFO -   fact_sales               50 rows
[2026-03-16T18:29:01.135+0000] {etl_load.py:135} INFO - ────────────────────────────────────────────
[2026-03-16T18:29:01.136+0000] {python.py:240} INFO - Done. Returned value was: None
[2026-03-16T18:29:01.157+0000] {taskinstance.py:349} INFO - ::group::Post task execution logs
[2026-03-16T18:29:01.159+0000] {taskinstance.py:361} INFO - Marking task as SUCCESS. dag_id=retail_sales_etl, task_id=summary, run_id=manual__2026-03-16T18:28:49.514898+00:00, execution_date=20260316T182849, start_date=20260316T182900, end_date=20260316T182901
[2026-03-16T18:29:01.229+0000] {local_task_job_runner.py:266} INFO - Task exited with return code 0
[2026-03-16T18:29:01.258+0000] {taskinstance.py:3924} INFO - 0 downstream tasks scheduled from follow-on schedule check
[2026-03-16T18:29:01.265+0000] {local_task_job_runner.py:245} INFO - ::endgroup::
