[2026-03-16T18:28:58.242+0000] {local_task_job_runner.py:123} INFO - ::group::Pre task execution logs
[2026-03-16T18:28:58.306+0000] {taskinstance.py:2631} INFO - Dependencies all met for dep_context=non-requeueable deps ti=<TaskInstance: retail_sales_etl.load_facts manual__2026-03-16T18:28:49.514898+00:00 [queued]>
[2026-03-16T18:28:58.328+0000] {taskinstance.py:2631} INFO - Dependencies all met for dep_context=requeueable deps ti=<TaskInstance: retail_sales_etl.load_facts manual__2026-03-16T18:28:49.514898+00:00 [queued]>
[2026-03-16T18:28:58.329+0000] {taskinstance.py:2884} INFO - Starting attempt 1 of 3
[2026-03-16T18:28:58.359+0000] {taskinstance.py:2907} INFO - Executing <Task(PythonOperator): load_facts> on 2026-03-16 18:28:49.514898+00:00
[2026-03-16T18:28:58.373+0000] {standard_task_runner.py:72} INFO - Started process 160 to run task
[2026-03-16T18:28:58.384+0000] {standard_task_runner.py:104} INFO - Running: ['***', 'tasks', 'run', 'retail_sales_etl', 'load_facts', 'manual__2026-03-16T18:28:49.514898+00:00', '--job-id', '35', '--raw', '--subdir', 'DAGS_FOLDER/retail_sales_etl_dag.py', '--cfg-path', '/tmp/tmped8ysgy1']
[2026-03-16T18:28:58.391+0000] {standard_task_runner.py:105} INFO - Job 35: Subtask load_facts
[2026-03-16T18:28:58.508+0000] {task_command.py:467} INFO - Running <TaskInstance: retail_sales_etl.load_facts manual__2026-03-16T18:28:49.514898+00:00 [running]> on host 9580b527c233
[2026-03-16T18:28:58.672+0000] {taskinstance.py:3157} INFO - Exporting env vars: AIRFLOW_CTX_DAG_OWNER='data-engineering' AIRFLOW_CTX_DAG_ID='retail_sales_etl' AIRFLOW_CTX_TASK_ID='load_facts' AIRFLOW_CTX_EXECUTION_DATE='2026-03-16T18:28:49.514898+00:00' AIRFLOW_CTX_TRY_NUMBER='1' AIRFLOW_CTX_DAG_RUN_ID='manual__2026-03-16T18:28:49.514898+00:00'
[2026-03-16T18:28:58.678+0000] {taskinstance.py:740} INFO - ::endgroup::
[2026-03-16T18:28:58.727+0000] {warnings.py:109} WARNING - /opt/***/dags/retail_sales_etl_dag.py:111: FutureWarning: Passing literal json to 'read_json' is deprecated and will be removed in a future version. To read from a literal string, wrap it in a 'StringIO' object.
  fact_sales = pd.read_json(ti.xcom_pull(key="fact_sales", task_ids="transform"))

[2026-03-16T18:28:58.855+0000] {etl_load.py:65} INFO - [fact_sales] Upserted 50 rows.
[2026-03-16T18:28:58.858+0000] {retail_sales_etl_dag.py:116} INFO - Fact table loaded.
[2026-03-16T18:28:58.860+0000] {python.py:240} INFO - Done. Returned value was: None
[2026-03-16T18:28:58.877+0000] {taskinstance.py:349} INFO - ::group::Post task execution logs
[2026-03-16T18:28:58.880+0000] {taskinstance.py:361} INFO - Marking task as SUCCESS. dag_id=retail_sales_etl, task_id=load_facts, run_id=manual__2026-03-16T18:28:49.514898+00:00, execution_date=20260316T182849, start_date=20260316T182858, end_date=20260316T182858
[2026-03-16T18:28:58.950+0000] {local_task_job_runner.py:266} INFO - Task exited with return code 0
[2026-03-16T18:28:58.993+0000] {taskinstance.py:3924} INFO - 1 downstream tasks scheduled from follow-on schedule check
[2026-03-16T18:28:58.999+0000] {local_task_job_runner.py:245} INFO - ::endgroup::
